{"contracts/NftMarketplace.sol":{"l":{"54":14,"55":14,"56":1,"58":13,"62":10,"63":10,"64":3,"66":7,"74":18,"75":18,"76":18,"77":3,"79":15,"103":12,"104":0,"109":12,"110":12,"111":1,"113":11,"114":11,"123":4,"124":4,"125":1,"132":3,"133":3,"134":3,"136":3,"144":1,"145":1,"153":1,"154":1,"158":2,"159":2,"160":1,"162":1,"164":1,"165":1,"166":0,"179":3,"183":3},"path":"/home/viacheslav/training/nft-marketplace/contracts/NftMarketplace.sol","s":{"1":14,"2":14,"3":10,"4":10,"5":18,"6":18,"7":18,"8":12,"9":12,"10":12,"11":11,"12":11,"13":4,"14":4,"15":3,"16":3,"17":3,"18":1,"19":1,"20":1,"21":2,"22":2,"23":1,"24":1,"25":1,"26":3,"27":3},"b":{"1":[1,13],"2":[3,7],"3":[3,15],"4":[0,12],"5":[1,11],"6":[1,3],"7":[1,1],"8":[0,1]},"f":{"1":14,"2":10,"3":18,"4":12,"5":4,"6":1,"7":1,"8":2,"9":3,"10":3},"fnMap":{"1":{"name":"notListed","line":49,"loc":{"start":{"line":49,"column":4},"end":{"line":59,"column":4}}},"2":{"name":"isListed","line":61,"loc":{"start":{"line":61,"column":4},"end":{"line":67,"column":4}}},"3":{"name":"isOwner","line":69,"loc":{"start":{"line":69,"column":4},"end":{"line":80,"column":4}}},"4":{"name":"listItem","line":102,"loc":{"start":{"line":98,"column":4},"end":{"line":115,"column":4}}},"5":{"name":"buyItem","line":121,"loc":{"start":{"line":117,"column":4},"end":{"line":137,"column":4}}},"6":{"name":"cancelItem","line":142,"loc":{"start":{"line":139,"column":4},"end":{"line":146,"column":4}}},"7":{"name":"updateListing","line":152,"loc":{"start":{"line":148,"column":4},"end":{"line":155,"column":4}}},"8":{"name":"withdrawProceeds","line":157,"loc":{"start":{"line":157,"column":4},"end":{"line":168,"column":4}}},"9":{"name":"getListing","line":174,"loc":{"start":{"line":174,"column":4},"end":{"line":180,"column":4}}},"10":{"name":"getProceeds","line":182,"loc":{"start":{"line":182,"column":4},"end":{"line":184,"column":4}}}},"statementMap":{"1":{"start":{"line":54,"column":8},"end":{"line":54,"column":64}},"2":{"start":{"line":55,"column":8},"end":{"line":55,"column":1713}},"3":{"start":{"line":62,"column":8},"end":{"line":62,"column":64}},"4":{"start":{"line":63,"column":8},"end":{"line":63,"column":1972}},"5":{"start":{"line":74,"column":8},"end":{"line":74,"column":41}},"6":{"start":{"line":75,"column":8},"end":{"line":75,"column":44}},"7":{"start":{"line":76,"column":8},"end":{"line":76,"column":2297}},"8":{"start":{"line":103,"column":8},"end":{"line":103,"column":3217}},"9":{"start":{"line":109,"column":8},"end":{"line":109,"column":41}},"10":{"start":{"line":110,"column":8},"end":{"line":110,"column":3576}},"11":{"start":{"line":113,"column":8},"end":{"line":113,"column":67}},"12":{"start":{"line":114,"column":8},"end":{"line":114,"column":63}},"13":{"start":{"line":123,"column":8},"end":{"line":123,"column":67}},"14":{"start":{"line":124,"column":8},"end":{"line":124,"column":4074}},"15":{"start":{"line":132,"column":8},"end":{"line":132,"column":80}},"16":{"start":{"line":134,"column":8},"end":{"line":134,"column":83}},"17":{"start":{"line":136,"column":8},"end":{"line":136,"column":74}},"18":{"start":{"line":145,"column":8},"end":{"line":145,"column":58}},"19":{"start":{"line":153,"column":8},"end":{"line":153,"column":55}},"20":{"start":{"line":154,"column":8},"end":{"line":154,"column":66}},"21":{"start":{"line":158,"column":8},"end":{"line":158,"column":49}},"22":{"start":{"line":159,"column":8},"end":{"line":159,"column":5442}},"23":{"start":{"line":162,"column":8},"end":{"line":162,"column":33}},"24":{"start":{"line":164,"column":8},"end":{"line":164,"column":72}},"25":{"start":{"line":165,"column":8},"end":{"line":165,"column":5677}},"26":{"start":{"line":179,"column":8},"end":{"line":179,"column":46}},"27":{"start":{"line":183,"column":8},"end":{"line":183,"column":33}}},"branchMap":{"1":{"line":55,"type":"if","locations":[{"start":{"line":55,"column":8},"end":{"line":55,"column":8}},{"start":{"line":55,"column":8},"end":{"line":55,"column":8}}]},"2":{"line":63,"type":"if","locations":[{"start":{"line":63,"column":8},"end":{"line":63,"column":8}},{"start":{"line":63,"column":8},"end":{"line":63,"column":8}}]},"3":{"line":76,"type":"if","locations":[{"start":{"line":76,"column":8},"end":{"line":76,"column":8}},{"start":{"line":76,"column":8},"end":{"line":76,"column":8}}]},"4":{"line":103,"type":"if","locations":[{"start":{"line":103,"column":8},"end":{"line":103,"column":8}},{"start":{"line":103,"column":8},"end":{"line":103,"column":8}}]},"5":{"line":110,"type":"if","locations":[{"start":{"line":110,"column":8},"end":{"line":110,"column":8}},{"start":{"line":110,"column":8},"end":{"line":110,"column":8}}]},"6":{"line":124,"type":"if","locations":[{"start":{"line":124,"column":8},"end":{"line":124,"column":8}},{"start":{"line":124,"column":8},"end":{"line":124,"column":8}}]},"7":{"line":159,"type":"if","locations":[{"start":{"line":159,"column":8},"end":{"line":159,"column":8}},{"start":{"line":159,"column":8},"end":{"line":159,"column":8}}]},"8":{"line":165,"type":"if","locations":[{"start":{"line":165,"column":8},"end":{"line":165,"column":8}},{"start":{"line":165,"column":8},"end":{"line":165,"column":8}}]}}},"contracts/test/BasicNft.sol":{"l":{"14":3,"18":16,"19":16,"20":16,"24":0,"25":0,"29":0},"path":"/home/viacheslav/training/nft-marketplace/contracts/test/BasicNft.sol","s":{"1":3,"2":16,"3":16,"4":16,"5":0,"6":0,"7":0},"b":{"1":[0,0]},"f":{"1":3,"2":16,"3":0,"4":0},"fnMap":{"1":{"name":"constructor","line":13,"loc":{"start":{"line":13,"column":4},"end":{"line":15,"column":4}}},"2":{"name":"mintNft","line":17,"loc":{"start":{"line":17,"column":4},"end":{"line":21,"column":4}}},"3":{"name":"tokenURI","line":23,"loc":{"start":{"line":23,"column":4},"end":{"line":26,"column":4}}},"4":{"name":"getTokenCounter","line":28,"loc":{"start":{"line":28,"column":4},"end":{"line":30,"column":4}}}},"statementMap":{"1":{"start":{"line":14,"column":8},"end":{"line":14,"column":25}},"2":{"start":{"line":18,"column":8},"end":{"line":18,"column":44}},"3":{"start":{"line":19,"column":8},"end":{"line":19,"column":38}},"4":{"start":{"line":20,"column":8},"end":{"line":20,"column":42}},"5":{"start":{"line":24,"column":8},"end":{"line":24,"column":83}},"6":{"start":{"line":25,"column":8},"end":{"line":25,"column":24}},"7":{"start":{"line":29,"column":8},"end":{"line":29,"column":29}}},"branchMap":{"1":{"line":24,"type":"if","locations":[{"start":{"line":24,"column":8},"end":{"line":24,"column":8}},{"start":{"line":24,"column":8},"end":{"line":24,"column":8}}]}}}}