TN:
SF:/home/viacheslav/training/nft-marketplace/contracts/NftMarketplace.sol
FN:49,notListed
FN:61,isListed
FN:69,isOwner
FN:102,listItem
FN:121,buyItem
FN:142,cancelItem
FN:152,updateListing
FN:157,withdrawProceeds
FN:174,getListing
FN:182,getProceeds
FNF:10
FNH:10
FNDA:14,notListed
FNDA:10,isListed
FNDA:18,isOwner
FNDA:12,listItem
FNDA:4,buyItem
FNDA:1,cancelItem
FNDA:1,updateListing
FNDA:2,withdrawProceeds
FNDA:3,getListing
FNDA:3,getProceeds
DA:54,14
DA:55,14
DA:56,1
DA:58,13
DA:62,10
DA:63,10
DA:64,3
DA:66,7
DA:74,18
DA:75,18
DA:76,18
DA:77,3
DA:79,15
DA:103,12
DA:104,0
DA:109,12
DA:110,12
DA:111,1
DA:113,11
DA:114,11
DA:123,4
DA:124,4
DA:125,1
DA:132,3
DA:133,3
DA:134,3
DA:136,3
DA:144,1
DA:145,1
DA:153,1
DA:154,1
DA:158,2
DA:159,2
DA:160,1
DA:162,1
DA:164,1
DA:165,1
DA:166,0
DA:179,3
DA:183,3
LF:40
LH:38
BRDA:55,1,0,1
BRDA:55,1,1,13
BRDA:63,2,0,3
BRDA:63,2,1,7
BRDA:76,3,0,3
BRDA:76,3,1,15
BRDA:103,4,0,0
BRDA:103,4,1,12
BRDA:110,5,0,1
BRDA:110,5,1,11
BRDA:124,6,0,1
BRDA:124,6,1,3
BRDA:159,7,0,1
BRDA:159,7,1,1
BRDA:165,8,0,0
BRDA:165,8,1,1
BRF:16
BRH:14
end_of_record
TN:
SF:/home/viacheslav/training/nft-marketplace/contracts/test/BasicNft.sol
FN:13,constructor
FN:17,mintNft
FN:23,tokenURI
FN:28,getTokenCounter
FNF:4
FNH:2
FNDA:3,constructor
FNDA:16,mintNft
FNDA:0,tokenURI
FNDA:0,getTokenCounter
DA:14,3
DA:18,16
DA:19,16
DA:20,16
DA:24,0
DA:25,0
DA:29,0
LF:7
LH:4
BRDA:24,1,0,0
BRDA:24,1,1,0
BRF:2
BRH:0
end_of_record
